<?xml version="1.0" encoding="UTF-8"?>
<testsuite xmlns:xsi="http://www.w3.org/2001/XMLSchema-instance" xsi:noNamespaceSchemaLocation="https://maven.apache.org/surefire/maven-surefire-plugin/xsd/surefire-test-report.xsd" name="TestSuite" time="3.898" tests="10" errors="0" skipped="0" failures="0">
  <properties>
    <property name="sun.desktop" value="windows"/>
    <property name="awt.toolkit" value="sun.awt.windows.WToolkit"/>
    <property name="file.encoding.pkg" value="sun.io"/>
    <property name="java.specification.version" value="1.8"/>
    <property name="sun.cpu.isalist" value="amd64"/>
    <property name="sun.jnu.encoding" value="Cp1251"/>
    <property name="java.class.path" value="C:\Users\Home\Desktop\епам\tasks\automation\web services\REST\RESTClient\target\test-classes;C:\Users\Home\Desktop\епам\tasks\automation\web services\REST\RESTClient\target\classes;C:\Users\Home\.m2\repository\org\codehaus\jackson\jackson-mapper-asl\1.9.13\jackson-mapper-asl-1.9.13.jar;C:\Users\Home\.m2\repository\org\codehaus\jackson\jackson-core-asl\1.9.13\jackson-core-asl-1.9.13.jar;C:\Users\Home\.m2\repository\com\sun\jersey\jersey-client\1.8\jersey-client-1.8.jar;C:\Users\Home\.m2\repository\com\sun\jersey\jersey-core\1.8\jersey-core-1.8.jar;C:\Users\Home\.m2\repository\org\testng\testng\6.9.10\testng-6.9.10.jar;C:\Users\Home\.m2\repository\com\beust\jcommander\1.48\jcommander-1.48.jar;C:\Users\Home\.m2\repository\org\beanshell\bsh\2.0b4\bsh-2.0b4.jar;C:\Users\Home\.m2\repository\com\google\inject\guice\3.0\guice-3.0.jar;C:\Users\Home\.m2\repository\javax\inject\javax.inject\1\javax.inject-1.jar;C:\Users\Home\.m2\repository\aopalliance\aopalliance\1.0\aopalliance-1.0.jar;C:\Users\Home\.m2\repository\org\uncommons\reportng\1.1.4\reportng-1.1.4.jar;C:\Users\Home\.m2\repository\velocity\velocity\1.4\velocity-1.4.jar;C:\Users\Home\.m2\repository\velocity\velocity-dep\1.4\velocity-dep-1.4.jar;C:\Users\Home\.m2\repository\org\apache\velocity\velocity\1.7\velocity-1.7.jar;C:\Users\Home\.m2\repository\commons-collections\commons-collections\3.2.1\commons-collections-3.2.1.jar;C:\Users\Home\.m2\repository\commons-lang\commons-lang\2.4\commons-lang-2.4.jar;C:\Users\Home\.m2\repository\com\google\code\gson\gson\2.7\gson-2.7.jar;C:\Users\Home\.m2\repository\org\apache\maven\surefire\surefire-testng-utils\2.20.1\surefire-testng-utils-2.20.1.jar;C:\Users\Home\.m2\repository\org\apache\maven\surefire\surefire-grouper\2.20.1\surefire-grouper-2.20.1.jar;"/>
    <property name="java.vm.vendor" value="Oracle Corporation"/>
    <property name="sun.arch.data.model" value="64"/>
    <property name="user.variant" value=""/>
    <property name="java.vendor.url" value="http://java.oracle.com/"/>
    <property name="user.timezone" value=""/>
    <property name="java.vm.specification.version" value="1.8"/>
    <property name="os.name" value="Windows 10"/>
    <property name="user.country" value="UA"/>
    <property name="sun.java.launcher" value="SUN_STANDARD"/>
    <property name="sun.boot.library.path" value="C:\Program Files\Java\jdk1.8.0_111\jre\bin"/>
    <property name="sun.java.command" value="C:\Users\Home\AppData\Local\Temp\surefire4914483225566888020\surefirebooter5979760364099217377.jar C:\Users\Home\AppData\Local\Temp\surefire4914483225566888020 2018-03-10T23-56-10_871-jvmRun1 surefire7004316726143544624tmp surefire_05099376939679707926tmp"/>
    <property name="surefire.test.class.path" value="C:\Users\Home\Desktop\епам\tasks\automation\web services\REST\RESTClient\target\test-classes;C:\Users\Home\Desktop\епам\tasks\automation\web services\REST\RESTClient\target\classes;C:\Users\Home\.m2\repository\org\codehaus\jackson\jackson-mapper-asl\1.9.13\jackson-mapper-asl-1.9.13.jar;C:\Users\Home\.m2\repository\org\codehaus\jackson\jackson-core-asl\1.9.13\jackson-core-asl-1.9.13.jar;C:\Users\Home\.m2\repository\com\sun\jersey\jersey-client\1.8\jersey-client-1.8.jar;C:\Users\Home\.m2\repository\com\sun\jersey\jersey-core\1.8\jersey-core-1.8.jar;C:\Users\Home\.m2\repository\org\testng\testng\6.9.10\testng-6.9.10.jar;C:\Users\Home\.m2\repository\com\beust\jcommander\1.48\jcommander-1.48.jar;C:\Users\Home\.m2\repository\org\beanshell\bsh\2.0b4\bsh-2.0b4.jar;C:\Users\Home\.m2\repository\com\google\inject\guice\3.0\guice-3.0.jar;C:\Users\Home\.m2\repository\javax\inject\javax.inject\1\javax.inject-1.jar;C:\Users\Home\.m2\repository\aopalliance\aopalliance\1.0\aopalliance-1.0.jar;C:\Users\Home\.m2\repository\org\uncommons\reportng\1.1.4\reportng-1.1.4.jar;C:\Users\Home\.m2\repository\velocity\velocity\1.4\velocity-1.4.jar;C:\Users\Home\.m2\repository\velocity\velocity-dep\1.4\velocity-dep-1.4.jar;C:\Users\Home\.m2\repository\org\apache\velocity\velocity\1.7\velocity-1.7.jar;C:\Users\Home\.m2\repository\commons-collections\commons-collections\3.2.1\commons-collections-3.2.1.jar;C:\Users\Home\.m2\repository\commons-lang\commons-lang\2.4\commons-lang-2.4.jar;C:\Users\Home\.m2\repository\com\google\code\gson\gson\2.7\gson-2.7.jar;C:\Users\Home\.m2\repository\org\apache\maven\surefire\surefire-testng-utils\2.20.1\surefire-testng-utils-2.20.1.jar;C:\Users\Home\.m2\repository\org\apache\maven\surefire\surefire-grouper\2.20.1\surefire-grouper-2.20.1.jar;"/>
    <property name="sun.cpu.endian" value="little"/>
    <property name="user.home" value="C:\Users\Home"/>
    <property name="user.language" value="uk"/>
    <property name="java.specification.vendor" value="Oracle Corporation"/>
    <property name="java.home" value="C:\Program Files\Java\jdk1.8.0_111\jre"/>
    <property name="basedir" value="C:\Users\Home\Desktop\епам\tasks\automation\web services\REST\RESTClient"/>
    <property name="file.separator" value="\"/>
    <property name="line.separator" value="&#10;"/>
    <property name="java.vm.specification.vendor" value="Oracle Corporation"/>
    <property name="java.specification.name" value="Java Platform API Specification"/>
    <property name="java.awt.graphicsenv" value="sun.awt.Win32GraphicsEnvironment"/>
    <property name="surefire.real.class.path" value="C:\Users\Home\AppData\Local\Temp\surefire4914483225566888020\surefirebooter5979760364099217377.jar"/>
    <property name="sun.boot.class.path" value="C:\Program Files\Java\jdk1.8.0_111\jre\lib\resources.jar;C:\Program Files\Java\jdk1.8.0_111\jre\lib\rt.jar;C:\Program Files\Java\jdk1.8.0_111\jre\lib\sunrsasign.jar;C:\Program Files\Java\jdk1.8.0_111\jre\lib\jsse.jar;C:\Program Files\Java\jdk1.8.0_111\jre\lib\jce.jar;C:\Program Files\Java\jdk1.8.0_111\jre\lib\charsets.jar;C:\Program Files\Java\jdk1.8.0_111\jre\lib\jfr.jar;C:\Program Files\Java\jdk1.8.0_111\jre\classes"/>
    <property name="user.script" value=""/>
    <property name="sun.management.compiler" value="HotSpot 64-Bit Tiered Compilers"/>
    <property name="java.runtime.version" value="1.8.0_111-b14"/>
    <property name="user.name" value="Home"/>
    <property name="path.separator" value=";"/>
    <property name="os.version" value="10.0"/>
    <property name="java.endorsed.dirs" value="C:\Program Files\Java\jdk1.8.0_111\jre\lib\endorsed"/>
    <property name="java.runtime.name" value="Java(TM) SE Runtime Environment"/>
    <property name="file.encoding" value="Cp1251"/>
    <property name="java.vm.name" value="Java HotSpot(TM) 64-Bit Server VM"/>
    <property name="localRepository" value="C:\Users\Home\.m2\repository"/>
    <property name="java.vendor.url.bug" value="http://bugreport.sun.com/bugreport/"/>
    <property name="java.io.tmpdir" value="C:\Users\Home\AppData\Local\Temp\"/>
    <property name="java.version" value="1.8.0_111"/>
    <property name="user.dir" value="C:\Users\Home\Desktop\епам\tasks\automation\web services\REST\RESTClient"/>
    <property name="os.arch" value="amd64"/>
    <property name="java.vm.specification.name" value="Java Virtual Machine Specification"/>
    <property name="java.awt.printerjob" value="sun.awt.windows.WPrinterJob"/>
    <property name="sun.os.patch.level" value=""/>
    <property name="java.library.path" value="C:\Program Files\Java\jdk1.8.0_111\jre\bin;C:\WINDOWS\Sun\Java\bin;C:\WINDOWS\system32;C:\WINDOWS;C:\ProgramData\Oracle\Java\javapath;C:\Program Files (x86)\Intel\iCLS Client\;C:\Program Files\Intel\iCLS Client\;C:\Windows\system32;C:\Windows;C:\Windows\System32\Wbem;C:\Windows\System32\WindowsPowerShell\v1.0\;C:\Program Files (x86)\Intel\Intel(R) Management Engine Components\DAL;C:\Program Files\Intel\Intel(R) Management Engine Components\DAL;C:\Program Files (x86)\Intel\Intel(R) Management Engine Components\IPT;C:\Program Files\Intel\Intel(R) Management Engine Components\IPT;C:\Program Files (x86)\NVIDIA Corporation\PhysX\Common;C:\Program Files (x86)\Brackets\command;C:\WINDOWS\system32;C:\WINDOWS;C:\WINDOWS\System32\Wbem;C:\WINDOWS\System32\WindowsPowerShell\v1.0\;C:\Program Files\MySQL\MySQL Utilities 1.6\;C:\Program Files (x86)\Skype\Phone\;C:\Program Files (x86)\Git\cmd;E:\програми\vhdl\bin;C:\Aldec\Active-HDL 9.1\bin;C:\Aldec\Active-HDL-Student-Edition\bin;C:\ProgramData\chocolatey\bin;C:\Program Files\Java\jdk1.8.0_111\bin\wsimport.exe;C:\Users\Home\AppData\Local\Microsoft\WindowsApps;C:\Program Files\Microsoft VS Code\bin;C:\Program Files\maven\bin;;."/>
    <property name="java.vm.info" value="mixed mode"/>
    <property name="java.vendor" value="Oracle Corporation"/>
    <property name="java.vm.version" value="25.111-b14"/>
    <property name="java.ext.dirs" value="C:\Program Files\Java\jdk1.8.0_111\jre\lib\ext;C:\WINDOWS\Sun\Java\lib\ext"/>
    <property name="sun.io.unicode.encoding" value="UnicodeLittle"/>
    <property name="java.class.version" value="52.0"/>
  </properties>
  <testcase name="addNewWalletTest" classname="RESTWebClientTest" time="0.172"/>
  <testcase name="buyExpensiveGoodTest" classname="RESTWebClientTest" time="0"/>
  <testcase name="buyGoodTest" classname="RESTWebClientTest" time="0.01"/>
  <testcase name="deleteWalletById" classname="RESTWebClientTest" time="0.037"/>
  <testcase name="getAllWalletsTest" classname="RESTWebClientTest" time="0"/>
  <testcase name="getBalanceTest" classname="RESTWebClientTest" time="0.007"/>
  <testcase name="getNotExistWalletTest" classname="RESTWebClientTest" time="0.026"/>
  <testcase name="getWalletTest" classname="RESTWebClientTest" time="0"/>
  <testcase name="putMoneyOnWalletTest" classname="RESTWebClientTest" time="0.022"/>
  <testcase name="putToMuchMoneyOnWalletTest" classname="RESTWebClientTest" time="0.013"/>
</testsuite>